<?xml version="1.0" encoding="UTF-8"?>
<!-- Generated by org.testng.reporters.JUnitReportReporter -->
<testsuite hostname="songxiangdeMBP" name="com.songxiang.uper.AppTest" tests="1" failures="0" timestamp="14 Sep 2015 09:51:40 GMT" time="9.015" errors="0">
  <testcase name="plus" time="9.015" classname="com.songxiang.uper.AppTest"/>
</testsuite> <!-- com.songxiang.uper.AppTest -->
