<?xml version="1.0" encoding="UTF-8"?>
<!-- Generated by org.testng.reporters.JUnitReportReporter -->
<testsuite hostname="songxiangdeMBP" name="com.songxiang.uper.TestCase" tests="1" failures="0" timestamp="15 Sep 2015 07:39:00 GMT" time="0.528" errors="0">
  <testcase name="login" time="0.528" classname="com.songxiang.uper.TestCase"/>
</testsuite> <!-- com.songxiang.uper.TestCase -->
